------------------------------------------------------------------------------
RESULTS FOR THE UNIFORMITY OF P-VALUES AND THE PROPORTION OF PASSING SEQUENCES
------------------------------------------------------------------------------
   generator is <../nist_runs/7-211.bin>
------------------------------------------------------------------------------
 C1  C2  C3  C4  C5  C6  C7  C8  C9 C10  P-VALUE  PROPORTION  STATISTICAL TEST
------------------------------------------------------------------------------
  2   3   0   2   2   0   0   1   0   0  0.213309     10/10      Frequency
  0   0   0   0   0   0   0   0   0  10  0.000000 *   10/10      BlockFrequency
  2   0   2   1   0   1   3   0   1   0  0.350485     10/10      CumulativeSums
  1   1   2   2   0   2   0   1   0   1  0.739918     10/10      CumulativeSums
 10   0   0   0   0   0   0   0   0   0  0.000000 *    0/10   *  Runs
 10   0   0   0   0   0   0   0   0   0  0.000000 *    0/10   *  LongestRun
  2   1   1   0   2   0   1   0   1   2  0.739918     10/10      Rank
 10   0   0   0   0   0   0   0   0   0  0.000000 *    0/10   *  FFT
 10   0   0   0   0   0   0   0   0   0  0.000000 *    0/10   *  NonOverlappingTemplate
 10   0   0   0   0   0   0   0   0   0  0.000000 *    0/10   *  NonOverlappingTemplate
 10   0   0   0   0   0   0   0   0   0  0.000000 *    0/10   *  NonOverlappingTemplate
 10   0   0   0   0   0   0   0   0   0  0.000000 *    0/10   *  NonOverlappingTemplate
 10   0   0   0   0   0   0   0   0   0  0.000000 *    0/10   *  NonOverlappingTemplate
 10   0   0   0   0   0   0   0   0   0  0.000000 *    0/10   *  NonOverlappingTemplate
 10   0   0   0   0   0   0   0   0   0  0.000000 *    0/10   *  NonOverlappingTemplate
 10   0   0   0   0   0   0   0   0   0  0.000000 *    0/10   *  NonOverlappingTemplate
 10   0   0   0   0   0   0   0   0   0  0.000000 *    0/10   *  NonOverlappingTemplate
 10   0   0   0   0   0   0   0   0   0  0.000000 *    0/10   *  NonOverlappingTemplate
 10   0   0   0   0   0   0   0   0   0  0.000000 *    0/10   *  NonOverlappingTemplate
 10   0   0   0   0   0   0   0   0   0  0.000000 *    0/10   *  NonOverlappingTemplate
 10   0   0   0   0   0   0   0   0   0  0.000000 *    0/10   *  NonOverlappingTemplate
 10   0   0   0   0   0   0   0   0   0  0.000000 *    0/10   *  NonOverlappingTemplate
 10   0   0   0   0   0   0   0   0   0  0.000000 *    0/10   *  NonOverlappingTemplate
 10   0   0   0   0   0   0   0   0   0  0.000000 *    0/10   *  NonOverlappingTemplate
 10   0   0   0   0   0   0   0   0   0  0.000000 *    0/10   *  NonOverlappingTemplate
 10   0   0   0   0   0   0   0   0   0  0.000000 *    0/10   *  NonOverlappingTemplate
 10   0   0   0   0   0   0   0   0   0  0.000000 *    0/10   *  NonOverlappingTemplate
 10   0   0   0   0   0   0   0   0   0  0.000000 *    0/10   *  NonOverlappingTemplate
  9   0   0   0   0   0   0   1   0   0  0.000000 *    2/10   *  NonOverlappingTemplate
 10   0   0   0   0   0   0   0   0   0  0.000000 *    0/10   *  NonOverlappingTemplate
 10   0   0   0   0   0   0   0   0   0  0.000000 *    0/10   *  NonOverlappingTemplate
 10   0   0   0   0   0   0   0   0   0  0.000000 *    0/10   *  NonOverlappingTemplate
  1   1   1   1   3   1   0   2   0   0  0.534146     10/10      NonOverlappingTemplate
 10   0   0   0   0   0   0   0   0   0  0.000000 *    0/10   *  NonOverlappingTemplate
 10   0   0   0   0   0   0   0   0   0  0.000000 *    0/10   *  NonOverlappingTemplate
 10   0   0   0   0   0   0   0   0   0  0.000000 *    0/10   *  NonOverlappingTemplate
 10   0   0   0   0   0   0   0   0   0  0.000000 *    0/10   *  NonOverlappingTemplate
 10   0   0   0   0   0   0   0   0   0  0.000000 *    0/10   *  NonOverlappingTemplate
 10   0   0   0   0   0   0   0   0   0  0.000000 *    0/10   *  NonOverlappingTemplate
 10   0   0   0   0   0   0   0   0   0  0.000000 *    0/10   *  NonOverlappingTemplate
 10   0   0   0   0   0   0   0   0   0  0.000000 *    0/10   *  NonOverlappingTemplate
 10   0   0   0   0   0   0   0   0   0  0.000000 *    0/10   *  NonOverlappingTemplate
 10   0   0   0   0   0   0   0   0   0  0.000000 *    0/10   *  NonOverlappingTemplate
 10   0   0   0   0   0   0   0   0   0  0.000000 *    0/10   *  NonOverlappingTemplate
 10   0   0   0   0   0   0   0   0   0  0.000000 *    0/10   *  NonOverlappingTemplate
 10   0   0   0   0   0   0   0   0   0  0.000000 *    0/10   *  NonOverlappingTemplate
 10   0   0   0   0   0   0   0   0   0  0.000000 *    4/10   *  NonOverlappingTemplate
 10   0   0   0   0   0   0   0   0   0  0.000000 *    0/10   *  NonOverlappingTemplate
 10   0   0   0   0   0   0   0   0   0  0.000000 *    0/10   *  NonOverlappingTemplate
 10   0   0   0   0   0   0   0   0   0  0.000000 *    0/10   *  NonOverlappingTemplate
 10   0   0   0   0   0   0   0   0   0  0.000000 *    0/10   *  NonOverlappingTemplate
 10   0   0   0   0   0   0   0   0   0  0.000000 *    0/10   *  NonOverlappingTemplate
 10   0   0   0   0   0   0   0   0   0  0.000000 *    0/10   *  NonOverlappingTemplate
 10   0   0   0   0   0   0   0   0   0  0.000000 *    0/10   *  NonOverlappingTemplate
 10   0   0   0   0   0   0   0   0   0  0.000000 *    0/10   *  NonOverlappingTemplate
  4   4   1   0   0   0   0   0   0   1  0.004301     10/10      NonOverlappingTemplate
 10   0   0   0   0   0   0   0   0   0  0.000000 *    0/10   *  NonOverlappingTemplate
 10   0   0   0   0   0   0   0   0   0  0.000000 *    0/10   *  NonOverlappingTemplate
 10   0   0   0   0   0   0   0   0   0  0.000000 *    0/10   *  NonOverlappingTemplate
 10   0   0   0   0   0   0   0   0   0  0.000000 *    0/10   *  NonOverlappingTemplate
 10   0   0   0   0   0   0   0   0   0  0.000000 *    0/10   *  NonOverlappingTemplate
 10   0   0   0   0   0   0   0   0   0  0.000000 *    0/10   *  NonOverlappingTemplate
 10   0   0   0   0   0   0   0   0   0  0.000000 *    0/10   *  NonOverlappingTemplate
 10   0   0   0   0   0   0   0   0   0  0.000000 *    0/10   *  NonOverlappingTemplate
 10   0   0   0   0   0   0   0   0   0  0.000000 *    0/10   *  NonOverlappingTemplate
 10   0   0   0   0   0   0   0   0   0  0.000000 *    0/10   *  NonOverlappingTemplate
 10   0   0   0   0   0   0   0   0   0  0.000000 *    0/10   *  NonOverlappingTemplate
 10   0   0   0   0   0   0   0   0   0  0.000000 *    0/10   *  NonOverlappingTemplate
  5   1   3   0   0   0   0   0   0   1  0.002043      8/10      NonOverlappingTemplate
  1   2   1   0   2   3   0   1   0   0  0.350485     10/10      NonOverlappingTemplate
 10   0   0   0   0   0   0   0   0   0  0.000000 *    0/10   *  NonOverlappingTemplate
 10   0   0   0   0   0   0   0   0   0  0.000000 *    0/10   *  NonOverlappingTemplate
 10   0   0   0   0   0   0   0   0   0  0.000000 *    0/10   *  NonOverlappingTemplate
 10   0   0   0   0   0   0   0   0   0  0.000000 *    0/10   *  NonOverlappingTemplate
 10   0   0   0   0   0   0   0   0   0  0.000000 *    0/10   *  NonOverlappingTemplate
 10   0   0   0   0   0   0   0   0   0  0.000000 *    0/10   *  NonOverlappingTemplate
 10   0   0   0   0   0   0   0   0   0  0.000000 *    0/10   *  NonOverlappingTemplate
 10   0   0   0   0   0   0   0   0   0  0.000000 *    0/10   *  NonOverlappingTemplate
 10   0   0   0   0   0   0   0   0   0  0.000000 *    0/10   *  NonOverlappingTemplate
 10   0   0   0   0   0   0   0   0   0  0.000000 *    0/10   *  NonOverlappingTemplate
 10   0   0   0   0   0   0   0   0   0  0.000000 *    0/10   *  NonOverlappingTemplate
 10   0   0   0   0   0   0   0   0   0  0.000000 *    0/10   *  NonOverlappingTemplate
 10   0   0   0   0   0   0   0   0   0  0.000000 *    0/10   *  NonOverlappingTemplate
 10   0   0   0   0   0   0   0   0   0  0.000000 *    0/10   *  NonOverlappingTemplate
 10   0   0   0   0   0   0   0   0   0  0.000000 *    0/10   *  NonOverlappingTemplate
 10   0   0   0   0   0   0   0   0   0  0.000000 *    0/10   *  NonOverlappingTemplate
 10   0   0   0   0   0   0   0   0   0  0.000000 *    0/10   *  NonOverlappingTemplate
 10   0   0   0   0   0   0   0   0   0  0.000000 *    0/10   *  NonOverlappingTemplate
 10   0   0   0   0   0   0   0   0   0  0.000000 *    0/10   *  NonOverlappingTemplate
 10   0   0   0   0   0   0   0   0   0  0.000000 *    0/10   *  NonOverlappingTemplate
 10   0   0   0   0   0   0   0   0   0  0.000000 *    0/10   *  NonOverlappingTemplate
 10   0   0   0   0   0   0   0   0   0  0.000000 *    0/10   *  NonOverlappingTemplate
 10   0   0   0   0   0   0   0   0   0  0.000000 *    0/10   *  NonOverlappingTemplate
 10   0   0   0   0   0   0   0   0   0  0.000000 *    0/10   *  NonOverlappingTemplate
  5   0   2   1   2   0   0   0   0   0  0.004301     10/10      NonOverlappingTemplate
  7   1   0   0   0   0   0   1   0   1  0.000003 *    7/10   *  NonOverlappingTemplate
 10   0   0   0   0   0   0   0   0   0  0.000000 *    0/10   *  NonOverlappingTemplate
 10   0   0   0   0   0   0   0   0   0  0.000000 *    0/10   *  NonOverlappingTemplate
 10   0   0   0   0   0   0   0   0   0  0.000000 *    0/10   *  NonOverlappingTemplate
 10   0   0   0   0   0   0   0   0   0  0.000000 *    0/10   *  NonOverlappingTemplate
 10   0   0   0   0   0   0   0   0   0  0.000000 *    0/10   *  NonOverlappingTemplate
 10   0   0   0   0   0   0   0   0   0  0.000000 *    0/10   *  NonOverlappingTemplate
 10   0   0   0   0   0   0   0   0   0  0.000000 *    0/10   *  NonOverlappingTemplate
 10   0   0   0   0   0   0   0   0   0  0.000000 *    0/10   *  NonOverlappingTemplate
 10   0   0   0   0   0   0   0   0   0  0.000000 *    0/10   *  NonOverlappingTemplate
 10   0   0   0   0   0   0   0   0   0  0.000000 *    0/10   *  NonOverlappingTemplate
 10   0   0   0   0   0   0   0   0   0  0.000000 *    0/10   *  NonOverlappingTemplate
 10   0   0   0   0   0   0   0   0   0  0.000000 *    0/10   *  NonOverlappingTemplate
  5   2   0   1   1   1   0   0   0   0  0.008879      9/10      NonOverlappingTemplate
 10   0   0   0   0   0   0   0   0   0  0.000000 *    0/10   *  NonOverlappingTemplate
 10   0   0   0   0   0   0   0   0   0  0.000000 *    0/10   *  NonOverlappingTemplate
 10   0   0   0   0   0   0   0   0   0  0.000000 *    0/10   *  NonOverlappingTemplate
 10   0   0   0   0   0   0   0   0   0  0.000000 *    0/10   *  NonOverlappingTemplate
 10   0   0   0   0   0   0   0   0   0  0.000000 *    0/10   *  NonOverlappingTemplate
 10   0   0   0   0   0   0   0   0   0  0.000000 *    0/10   *  NonOverlappingTemplate
 10   0   0   0   0   0   0   0   0   0  0.000000 *    0/10   *  NonOverlappingTemplate
 10   0   0   0   0   0   0   0   0   0  0.000000 *    0/10   *  NonOverlappingTemplate
  9   0   1   0   0   0   0   0   0   0  0.000000 *    4/10   *  NonOverlappingTemplate
 10   0   0   0   0   0   0   0   0   0  0.000000 *    0/10   *  NonOverlappingTemplate
 10   0   0   0   0   0   0   0   0   0  0.000000 *    0/10   *  NonOverlappingTemplate
 10   0   0   0   0   0   0   0   0   0  0.000000 *    0/10   *  NonOverlappingTemplate
 10   0   0   0   0   0   0   0   0   0  0.000000 *    0/10   *  NonOverlappingTemplate
 10   0   0   0   0   0   0   0   0   0  0.000000 *    0/10   *  NonOverlappingTemplate
 10   0   0   0   0   0   0   0   0   0  0.000000 *    0/10   *  NonOverlappingTemplate
 10   0   0   0   0   0   0   0   0   0  0.000000 *    0/10   *  NonOverlappingTemplate
 10   0   0   0   0   0   0   0   0   0  0.000000 *    0/10   *  NonOverlappingTemplate
 10   0   0   0   0   0   0   0   0   0  0.000000 *    0/10   *  NonOverlappingTemplate
 10   0   0   0   0   0   0   0   0   0  0.000000 *    0/10   *  NonOverlappingTemplate
 10   0   0   0   0   0   0   0   0   0  0.000000 *    0/10   *  NonOverlappingTemplate
 10   0   0   0   0   0   0   0   0   0  0.000000 *    0/10   *  NonOverlappingTemplate
 10   0   0   0   0   0   0   0   0   0  0.000000 *    0/10   *  NonOverlappingTemplate
  3   3   0   0   0   0   1   2   0   1  0.122325     10/10      NonOverlappingTemplate
 10   0   0   0   0   0   0   0   0   0  0.000000 *    0/10   *  NonOverlappingTemplate
 10   0   0   0   0   0   0   0   0   0  0.000000 *    0/10   *  NonOverlappingTemplate
 10   0   0   0   0   0   0   0   0   0  0.000000 *    0/10   *  NonOverlappingTemplate
  9   1   0   0   0   0   0   0   0   0  0.000000 *    7/10   *  NonOverlappingTemplate
 10   0   0   0   0   0   0   0   0   0  0.000000 *    0/10   *  NonOverlappingTemplate
 10   0   0   0   0   0   0   0   0   0  0.000000 *    0/10   *  NonOverlappingTemplate
 10   0   0   0   0   0   0   0   0   0  0.000000 *    1/10   *  NonOverlappingTemplate
 10   0   0   0   0   0   0   0   0   0  0.000000 *    0/10   *  NonOverlappingTemplate
 10   0   0   0   0   0   0   0   0   0  0.000000 *    0/10   *  NonOverlappingTemplate
 10   0   0   0   0   0   0   0   0   0  0.000000 *    0/10   *  NonOverlappingTemplate
 10   0   0   0   0   0   0   0   0   0  0.000000 *    0/10   *  NonOverlappingTemplate
 10   0   0   0   0   0   0   0   0   0  0.000000 *    0/10   *  NonOverlappingTemplate
 10   0   0   0   0   0   0   0   0   0  0.000000 *    0/10   *  NonOverlappingTemplate
 10   0   0   0   0   0   0   0   0   0  0.000000 *    0/10   *  NonOverlappingTemplate
 10   0   0   0   0   0   0   0   0   0  0.000000 *    0/10   *  NonOverlappingTemplate
 10   0   0   0   0   0   0   0   0   0  0.000000 *    0/10   *  NonOverlappingTemplate
 10   0   0   0   0   0   0   0   0   0  0.000000 *    0/10   *  NonOverlappingTemplate
 10   0   0   0   0   0   0   0   0   0  0.000000 *    0/10   *  NonOverlappingTemplate
 10   0   0   0   0   0   0   0   0   0  0.000000 *    0/10   *  NonOverlappingTemplate
 10   0   0   0   0   0   0   0   0   0  0.000000 *    0/10   *  NonOverlappingTemplate
 10   0   0   0   0   0   0   0   0   0  0.000000 *    0/10   *  NonOverlappingTemplate
 10   0   0   0   0   0   0   0   0   0  0.000000 *    0/10   *  NonOverlappingTemplate
 10   0   0   0   0   0   0   0   0   0  0.000000 *    0/10   *  NonOverlappingTemplate
 10   0   0   0   0   0   0   0   0   0  0.000000 *    0/10   *  NonOverlappingTemplate
 10   0   0   0   0   0   0   0   0   0  0.000000 *    0/10   *  OverlappingTemplate
 10   0   0   0   0   0   0   0   0   0  0.000000 *    0/10   *  Universal
 10   0   0   0   0   0   0   0   0   0  0.000000 *    0/10   *  ApproximateEntropy
  3   0   0   0   0   0   0   0   0   0     ----       0/3    *  RandomExcursions
  2   0   0   0   0   0   0   0   0   0     ----       0/2    *  RandomExcursions
  0   0   0   0   0   0   0   0   0   0     ----     ------     RandomExcursions
  0   0   0   0   0   0   0   0   0   0     ----     ------     RandomExcursions
  0   0   0   0   0   0   0   0   0   0     ----     ------     RandomExcursions
  2   0   0   0   0   0   0   0   0   0     ----       0/2    *  RandomExcursions
  2   0   0   0   0   0   0   0   0   0     ----       0/2    *  RandomExcursions
  3   0   0   0   0   0   0   0   0   0     ----       0/3    *  RandomExcursions
  0   0   0   2   1   0   0   0   0   0     ----       3/3       RandomExcursionsVariant
  0   0   0   0   2   0   0   1   0   0     ----       3/3       RandomExcursionsVariant
  0   0   0   0   2   0   0   0   0   1     ----       3/3       RandomExcursionsVariant
  0   0   1   0   0   1   0   0   1   0     ----       3/3       RandomExcursionsVariant
  0   1   0   0   0   0   2   0   0   0     ----       3/3       RandomExcursionsVariant
  0   0   1   0   0   0   0   1   1   0     ----       3/3       RandomExcursionsVariant
  0   0   0   0   0   1   0   0   0   2     ----       3/3       RandomExcursionsVariant
  0   0   0   0   0   1   0   1   1   0     ----       3/3       RandomExcursionsVariant
  1   0   0   0   0   0   0   2   0   0     ----       3/3       RandomExcursionsVariant
  2   0   1   0   0   0   0   0   0   0     ----       3/3       RandomExcursionsVariant
  2   0   1   0   0   0   0   0   0   0     ----       3/3       RandomExcursionsVariant
  1   1   0   0   0   0   0   0   0   1     ----       2/3       RandomExcursionsVariant
  1   0   0   0   0   0   1   0   0   1     ----       3/3       RandomExcursionsVariant
  1   0   0   0   0   0   0   0   1   1     ----       3/3       RandomExcursionsVariant
  1   0   0   0   0   0   0   1   1   0     ----       3/3       RandomExcursionsVariant
  1   0   0   0   0   0   0   1   1   0     ----       3/3       RandomExcursionsVariant
  1   0   0   1   1   0   0   0   0   0     ----       3/3       RandomExcursionsVariant
  2   0   0   1   0   0   0   0   0   0     ----       3/3       RandomExcursionsVariant
 10   0   0   0   0   0   0   0   0   0  0.000000 *    0/10   *  Serial
 10   0   0   0   0   0   0   0   0   0  0.000000 *    0/10   *  Serial
  0   2   1   1   1   1   0   2   2   0  0.739918     10/10      LinearComplexity


- - - - - - - - - - - - - - - - - - - - - - - - - - - - - - - - - - - - - - - - -
The minimum pass rate for each statistical test with the exception of the
random excursion (variant) test is approximately = 8 for a
sample size = 10 binary sequences.

The minimum pass rate for the random excursion (variant) test
is approximately = 2 for a sample size = 3 binary sequences.

For further guidelines construct a probability table using the MAPLE program
provided in the addendum section of the documentation.
- - - - - - - - - - - - - - - - - - - - - - - - - - - - - - - - - - - - - - - - -
